<?xml version="1.0" encoding="UTF-8"?>
<!-- Generated by org.testng.reporters.JUnitReportReporter -->
<testsuite hostname="Lenovo-PC" name="vijay.drive.AppTest" tests="1" failures="0" timestamp="19 Jul 2016 09:25:24 GMT" time="0.001" errors="0">
  <testcase name="testApp" time="0.001" classname="vijay.drive.AppTest"/>
</testsuite> <!-- vijay.drive.AppTest -->
